0 info it worked if it ends with ok
1 verbose cli [ '/Users/jacobyoung/.nvm/v0.8.28/bin/node',
1 verbose cli   '/Users/jacobyoung/.nvm/v0.8.28/bin/npm',
1 verbose cli   'run',
1 verbose cli   'dev' ]
2 info using npm@1.2.30
3 info using node@v0.8.28
4 verbose read json /Users/jacobyoung/Desktop/desktop-folder/spotify-fullstack/package.json
5 error Error: ENOENT, open '/Users/jacobyoung/Desktop/desktop-folder/spotify-fullstack/package.json'
6 error If you need help, you may report this log at:
6 error     <http://github.com/isaacs/npm/issues>
6 error or email it to:
6 error     <npm-@googlegroups.com>
7 error System Darwin 22.6.0
8 error command "/Users/jacobyoung/.nvm/v0.8.28/bin/node" "/Users/jacobyoung/.nvm/v0.8.28/bin/npm" "run" "dev"
9 error cwd /Users/jacobyoung/Desktop/desktop-folder/spotify-fullstack
10 error node -v v0.8.28
11 error npm -v 1.2.30
12 error path /Users/jacobyoung/Desktop/desktop-folder/spotify-fullstack/package.json
13 error code ENOENT
14 error errno 34
15 verbose exit [ 34, true ]
